<?xml version="1.0" encoding="UTF-8"?>
<!-- Generated by org.testng.reporters.JUnitReportReporter -->
<testsuite hostname="DESKTOP-IVHRL9V" failures="0" tests="1" name="com.testcases.Verify_addToCartTC" time="5.680" errors="0" timestamp="2024-07-04T08:05:31 IST" skipped="0">
  <testcase classname="com.testcases.Verify_addToCartTC" name="VerifyAddToCartTC001" time="5.680"/>
</testsuite> <!-- com.testcases.Verify_addToCartTC -->
